{"/Users/yagnesh.modh/Projects/AwesomeProject/src/Components/Form/form.js": {"path":"/Users/yagnesh.modh/Projects/AwesomeProject/src/Components/Form/form.js","statementMap":{"0":{"start":{"line":1,"column":42},"end":{"line":1,"column":97}},"1":{"start":{"line":1,"column":98},"end":{"line":1,"column":160}},"2":{"start":{"line":1,"column":160},"end":{"line":1,"column":185}},"3":{"start":{"line":1,"column":201},"end":{"line":1,"column":266}},"4":{"start":{"line":2,"column":13},"end":{"line":2,"column":53}},"5":{"start":{"line":3,"column":17},"end":{"line":3,"column":62}},"6":{"start":{"line":4,"column":19},"end":{"line":4,"column":42}},"7":{"start":{"line":5,"column":14},"end":{"line":5,"column":31}},"8":{"start":{"line":5,"column":51},"end":{"line":5,"column":124}},"9":{"start":{"line":8,"column":11},"end":{"line":22,"column":1}},"10":{"start":{"line":8,"column":43},"end":{"line":8,"column":52}},"11":{"start":{"line":8,"column":64},"end":{"line":8,"column":77}},"12":{"start":{"line":8,"column":89},"end":{"line":8,"column":102}},"13":{"start":{"line":8,"column":119},"end":{"line":8,"column":137}},"14":{"start":{"line":9,"column":2},"end":{"line":19,"column":8}},"15":{"start":{"line":11,"column":41},"end":{"line":11,"column":59}},"16":{"start":{"line":11,"column":75},"end":{"line":11,"column":93}},"17":{"start":{"line":11,"column":103},"end":{"line":11,"column":115}},"18":{"start":{"line":12,"column":6},"end":{"line":16,"column":182}},"19":{"start":{"line":15,"column":39},"end":{"line":15,"column":179}},"20":{"start":{"line":24,"column":0},"end":{"line":28,"column":56}},"21":{"start":{"line":31,"column":0},"end":{"line":31,"column":4}},"22":{"start":{"line":31,"column":5},"end":{"line":31,"column":32}}},"fnMap":{"0":{"name":"Form","decl":{"start":{"line":8,"column":20},"end":{"line":8,"column":24}},"loc":{"start":{"line":8,"column":31},"end":{"line":22,"column":1}},"line":8},"1":{"name":"(anonymous_1)","decl":{"start":{"line":11,"column":4},"end":{"line":11,"column":5}},"loc":{"start":{"line":11,"column":21},"end":{"line":19,"column":5}},"line":11},"2":{"name":"(anonymous_2)","decl":{"start":{"line":15,"column":25},"end":{"line":15,"column":26}},"loc":{"start":{"line":15,"column":38},"end":{"line":15,"column":180}},"line":15}},"branchMap":{"0":{"loc":{"start":{"line":14,"column":8},"end":{"line":14,"column":147}},"type":"binary-expr","locations":[{"start":{"line":14,"column":8},"end":{"line":14,"column":22}},{"start":{"line":14,"column":26},"end":{"line":14,"column":147}}],"line":14},"1":{"loc":{"start":{"line":15,"column":8},"end":{"line":15,"column":181}},"type":"binary-expr","locations":[{"start":{"line":15,"column":8},"end":{"line":15,"column":12}},{"start":{"line":15,"column":16},"end":{"line":15,"column":181}}],"line":15}},"s":{"0":1,"1":1,"2":1,"3":1,"4":1,"5":1,"6":1,"7":1,"8":1,"9":1,"10":0,"11":0,"12":0,"13":0,"14":0,"15":0,"16":0,"17":0,"18":0,"19":0,"20":1,"21":1,"22":1},"f":{"0":0,"1":0,"2":0},"b":{"0":[0,0],"1":[0,0]},"_coverageSchema":"43e27e138ebf9cfc5966b082cf9a028302ed4184","hash":"d7e3f8ffa243fdca013edf294f492fd1832ffd17"}
,"/Users/yagnesh.modh/Projects/AwesomeProject/src/Components/Textbox/textbox.js": {"path":"/Users/yagnesh.modh/Projects/AwesomeProject/src/Components/Textbox/textbox.js","statementMap":{"0":{"start":{"line":1,"column":42},"end":{"line":1,"column":97}},"1":{"start":{"line":1,"column":98},"end":{"line":1,"column":160}},"2":{"start":{"line":1,"column":160},"end":{"line":1,"column":185}},"3":{"start":{"line":1,"column":201},"end":{"line":1,"column":266}},"4":{"start":{"line":1,"column":299},"end":{"line":1,"column":380}},"5":{"start":{"line":1,"column":394},"end":{"line":1,"column":434}},"6":{"start":{"line":2,"column":17},"end":{"line":2,"column":62}},"7":{"start":{"line":3,"column":19},"end":{"line":3,"column":42}},"8":{"start":{"line":4,"column":14},"end":{"line":4,"column":31}},"9":{"start":{"line":4,"column":51},"end":{"line":4,"column":130}},"10":{"start":{"line":6,"column":14},"end":{"line":24,"column":1}},"11":{"start":{"line":10,"column":13},"end":{"line":10,"column":23}},"12":{"start":{"line":10,"column":36},"end":{"line":10,"column":45}},"13":{"start":{"line":10,"column":62},"end":{"line":10,"column":85}},"14":{"start":{"line":10,"column":104},"end":{"line":10,"column":129}},"15":{"start":{"line":10,"column":138},"end":{"line":10,"column":201}},"16":{"start":{"line":11,"column":2},"end":{"line":21,"column":163}},"17":{"start":{"line":17,"column":49},"end":{"line":17,"column":88}},"18":{"start":{"line":18,"column":33},"end":{"line":18,"column":68}},"19":{"start":{"line":26,"column":0},"end":{"line":31,"column":15}},"20":{"start":{"line":34,"column":0},"end":{"line":34,"column":7}},"21":{"start":{"line":34,"column":8},"end":{"line":34,"column":35}}},"fnMap":{"0":{"name":"textbox","decl":{"start":{"line":6,"column":23},"end":{"line":6,"column":30}},"loc":{"start":{"line":10,"column":0},"end":{"line":24,"column":1}},"line":10},"1":{"name":"onChangeText","decl":{"start":{"line":17,"column":29},"end":{"line":17,"column":41}},"loc":{"start":{"line":17,"column":48},"end":{"line":17,"column":89}},"line":17},"2":{"name":"onBlur","decl":{"start":{"line":18,"column":23},"end":{"line":18,"column":29}},"loc":{"start":{"line":18,"column":32},"end":{"line":18,"column":69}},"line":18}},"branchMap":{},"s":{"0":1,"1":1,"2":1,"3":1,"4":1,"5":1,"6":1,"7":1,"8":1,"9":1,"10":1,"11":0,"12":0,"13":0,"14":0,"15":0,"16":0,"17":0,"18":0,"19":1,"20":1,"21":1},"f":{"0":0,"1":0,"2":0},"b":{},"_coverageSchema":"43e27e138ebf9cfc5966b082cf9a028302ed4184","hash":"78ccef255403f844a8719184c2ae5615f4c32e15"}
,"/Users/yagnesh.modh/Projects/AwesomeProject/src/Screens/Home/home.js": {"path":"/Users/yagnesh.modh/Projects/AwesomeProject/src/Screens/Home/home.js","statementMap":{"0":{"start":{"line":1,"column":43},"end":{"line":1,"column":99}},"1":{"start":{"line":1,"column":129},"end":{"line":1,"column":184}},"2":{"start":{"line":1,"column":185},"end":{"line":1,"column":247}},"3":{"start":{"line":1,"column":247},"end":{"line":1,"column":272}},"4":{"start":{"line":1,"column":285},"end":{"line":1,"column":326}},"5":{"start":{"line":2,"column":17},"end":{"line":2,"column":62}},"6":{"start":{"line":3,"column":19},"end":{"line":3,"column":42}},"7":{"start":{"line":4,"column":12},"end":{"line":4,"column":73}},"8":{"start":{"line":5,"column":15},"end":{"line":5,"column":82}},"9":{"start":{"line":5,"column":102},"end":{"line":5,"column":172}},"10":{"start":{"line":7,"column":15},"end":{"line":15,"column":1}},"11":{"start":{"line":8,"column":15},"end":{"line":8,"column":17}},"12":{"start":{"line":10,"column":2},"end":{"line":12,"column":3}},"13":{"start":{"line":11,"column":4},"end":{"line":11,"column":29}},"14":{"start":{"line":14,"column":2},"end":{"line":14,"column":16}},"15":{"start":{"line":17,"column":11},"end":{"line":21,"column":32}},"16":{"start":{"line":25,"column":11},"end":{"line":69,"column":1}},"17":{"start":{"line":25,"column":47},"end":{"line":25,"column":60}},"18":{"start":{"line":25,"column":69},"end":{"line":25,"column":79}},"19":{"start":{"line":25,"column":92},"end":{"line":25,"column":106}},"20":{"start":{"line":25,"column":120},"end":{"line":25,"column":135}},"21":{"start":{"line":26,"column":2},"end":{"line":28,"column":9}},"22":{"start":{"line":27,"column":4},"end":{"line":27,"column":16}},"23":{"start":{"line":29,"column":2},"end":{"line":63,"column":201}},"24":{"start":{"line":52,"column":28},"end":{"line":63,"column":195}},"25":{"start":{"line":63,"column":113},"end":{"line":63,"column":134}},"26":{"start":{"line":71,"column":0},"end":{"line":75,"column":47}},"27":{"start":{"line":78,"column":0},"end":{"line":78,"column":4}},"28":{"start":{"line":78,"column":5},"end":{"line":78,"column":32}}},"fnMap":{"0":{"name":"validate","decl":{"start":{"line":7,"column":24},"end":{"line":7,"column":32}},"loc":{"start":{"line":7,"column":41},"end":{"line":15,"column":1}},"line":7},"1":{"name":"home","decl":{"start":{"line":25,"column":20},"end":{"line":25,"column":24}},"loc":{"start":{"line":25,"column":31},"end":{"line":69,"column":1}},"line":25},"2":{"name":"(anonymous_2)","decl":{"start":{"line":26,"column":24},"end":{"line":26,"column":25}},"loc":{"start":{"line":26,"column":36},"end":{"line":28,"column":3}},"line":26},"3":{"name":"(anonymous_3)","decl":{"start":{"line":52,"column":14},"end":{"line":52,"column":15}},"loc":{"start":{"line":52,"column":27},"end":{"line":63,"column":196}},"line":52},"4":{"name":"onPress","decl":{"start":{"line":63,"column":102},"end":{"line":63,"column":109}},"loc":{"start":{"line":63,"column":112},"end":{"line":63,"column":135}},"line":63}},"branchMap":{"0":{"loc":{"start":{"line":10,"column":2},"end":{"line":12,"column":3}},"type":"if","locations":[{"start":{"line":10,"column":2},"end":{"line":12,"column":3}},{"start":{"line":10,"column":2},"end":{"line":12,"column":3}}],"line":10},"1":{"loc":{"start":{"line":51,"column":4},"end":{"line":63,"column":197}},"type":"binary-expr","locations":[{"start":{"line":51,"column":4},"end":{"line":51,"column":9}},{"start":{"line":52,"column":4},"end":{"line":63,"column":197}}],"line":51},"2":{"loc":{"start":{"line":58,"column":32},"end":{"line":58,"column":64}},"type":"cond-expr","locations":[{"start":{"line":58,"column":41},"end":{"line":58,"column":55}},{"start":{"line":58,"column":58},"end":{"line":58,"column":64}}],"line":58}},"s":{"0":1,"1":1,"2":1,"3":1,"4":1,"5":1,"6":1,"7":1,"8":1,"9":1,"10":1,"11":0,"12":0,"13":0,"14":0,"15":1,"16":1,"17":4,"18":4,"19":4,"20":4,"21":4,"22":0,"23":4,"24":1,"25":0,"26":1,"27":1,"28":1},"f":{"0":0,"1":4,"2":0,"3":1,"4":0},"b":{"0":[0,0],"1":[4,4],"2":[0,1]},"_coverageSchema":"43e27e138ebf9cfc5966b082cf9a028302ed4184","hash":"0a38a965b58da71fbd75679e1764ebd4587cb3ac"}
}
