TN:
SF:/Users/yagnesh.modh/Projects/AwesomeProject/src/Components/Form/form.js
FN:8,Form
FN:11,(anonymous_1)
FN:15,(anonymous_2)
FNF:3
FNH:0
FNDA:0,Form
FNDA:0,(anonymous_1)
FNDA:0,(anonymous_2)
DA:1,1
DA:2,1
DA:3,1
DA:4,1
DA:5,1
DA:8,1
DA:9,0
DA:11,0
DA:12,0
DA:15,0
DA:24,1
DA:31,1
LF:12
LH:8
BRDA:14,0,0,0
BRDA:14,0,1,0
BRDA:15,1,0,0
BRDA:15,1,1,0
BRF:4
BRH:0
end_of_record
TN:
SF:/Users/yagnesh.modh/Projects/AwesomeProject/src/Components/Textbox/textbox.js
FN:6,textbox
FN:17,onChangeText
FN:18,onBlur
FNF:3
FNH:0
FNDA:0,textbox
FNDA:0,onChangeText
FNDA:0,onBlur
DA:1,1
DA:2,1
DA:3,1
DA:4,1
DA:6,1
DA:10,0
DA:11,0
DA:17,0
DA:18,0
DA:26,1
DA:34,1
LF:11
LH:7
BRF:0
BRH:0
end_of_record
TN:
SF:/Users/yagnesh.modh/Projects/AwesomeProject/src/Screens/Home/home.js
FN:7,validate
FN:25,home
FN:26,(anonymous_2)
FN:52,(anonymous_3)
FN:63,onPress
FNF:5
FNH:2
FNDA:0,validate
FNDA:4,home
FNDA:0,(anonymous_2)
FNDA:1,(anonymous_3)
FNDA:0,onPress
DA:1,1
DA:2,1
DA:3,1
DA:4,1
DA:5,1
DA:7,1
DA:8,0
DA:10,0
DA:11,0
DA:14,0
DA:17,1
DA:25,4
DA:26,4
DA:27,0
DA:29,4
DA:52,1
DA:63,0
DA:71,1
DA:78,1
LF:19
LH:13
BRDA:10,0,0,0
BRDA:10,0,1,0
BRDA:51,1,0,4
BRDA:51,1,1,4
BRDA:58,2,0,0
BRDA:58,2,1,1
BRF:6
BRH:3
end_of_record
